<?xml version="1.0" encoding="UTF-8"?>
<!-- Generated by org.testng.reporters.JUnitReportReporter -->
<testsuite hostname="DESKTOP-JG4GJSD" failures="1" tests="1" name="com.annular.testrunners.TC_533" time="37.676" errors="0" timestamp="2022-02-20T20:52:46 IST" skipped="0">
  <testcase classname="com.annular.testrunners.TC_533" name="runScenario" time="37.676">
    <failure message="expected [true] but found [false]" type="java.lang.AssertionError">
      <![CDATA[java.lang.AssertionError: expected [true] but found [false]
at org.testng.Assert.fail(Assert.java:97)
at org.testng.Assert.failNotEquals(Assert.java:969)
at org.testng.Assert.assertTrue(Assert.java:43)
at org.testng.Assert.assertTrue(Assert.java:53)
at com.annular.stepdefinitions.AnnularTechStepDefinitions.verifwebsitedesign(AnnularTechStepDefinitions.java:149)
at âœ½.verify website desinging page dispalyed(file:resources/features/annulartech/ServiceLinkValidation.feature:8)
]]>
    </failure>
  </testcase> <!-- runScenario -->
  <system-out/>
</testsuite> <!-- com.annular.testrunners.TC_533 -->
